grep: /proc/cpuinfo: No such file or directory
find: -printf: unknown primary or operator
grep: test-*.log: No such file or directory
[1;31mDone 001/1000; 0 ok, 1 failed
[0m[1;31mDone 002/1000; 0 ok, 2 failed
[0m[1;31mDone 003/1000; 0 ok, 3 failed
[0m[1;31mDone 004/1000; 0 ok, 4 failed
[0m[1;31mDone 005/1000; 0 ok, 5 failed
[0m[1;31mDone 006/1000; 0 ok, 6 failed
[0m[1;31mDone 007/1000; 0 ok, 7 failed
[0m[1;31mDone 008/1000; 0 ok, 8 failed
[0m[1;31mDone 009/1000; 0 ok, 9 failed
[0m[1;31mDone 010/1000; 0 ok, 10 failed
[0m[1;31mDone 011/1000; 0 ok, 11 failed
[0m[1;31mDone 012/1000; 0 ok, 12 failed
[0m[1;31mDone 013/1000; 0 ok, 13 failed
[0m[1;31mDone 014/1000; 0 ok, 14 failed
[0m[1;31mDone 015/1000; 0 ok, 15 failed
[0m[1;31mDone 016/1000; 0 ok, 16 failed
[0m[1;31mDone 017/1000; 0 ok, 17 failed
[0m[1;31mDone 018/1000; 0 ok, 18 failed
[0m[1;31mDone 019/1000; 0 ok, 19 failed
[0m[1;31mDone 020/1000; 0 ok, 20 failed
[0m[1;31mDone 021/1000; 0 ok, 21 failed
[0m[1;31mDone 022/1000; 0 ok, 22 failed
[0m[1;31mDone 023/1000; 0 ok, 23 failed
[0m[1;31mDone 024/1000; 0 ok, 24 failed
[0m[1;31mDone 025/1000; 0 ok, 25 failed
[0m[1;31mDone 026/1000; 0 ok, 26 failed
[0m[1;31mDone 027/1000; 0 ok, 27 failed
[0m[1;31mDone 028/1000; 0 ok, 28 failed
[0m[1;31mDone 029/1000; 0 ok, 29 failed
[0m[1;31mDone 030/1000; 0 ok, 30 failed
[0m[1;31mDone 031/1000; 0 ok, 31 failed
[0m[1;31mDone 032/1000; 0 ok, 32 failed
[0m[1;31mDone 033/1000; 0 ok, 33 failed
[0m[1;31mDone 034/1000; 0 ok, 34 failed
[0m[1;31mDone 035/1000; 0 ok, 35 failed
[0m[1;31mDone 036/1000; 0 ok, 36 failed
[0m[1;31mDone 037/1000; 0 ok, 37 failed
[0m[1;31mDone 038/1000; 0 ok, 38 failed
[0m[1;31mDone 039/1000; 0 ok, 39 failed
[0m[1;31mDone 040/1000; 0 ok, 40 failed
[0m[1;31mDone 041/1000; 0 ok, 41 failed
[0m[1;31mDone 042/1000; 0 ok, 42 failed
[0m[1;31mDone 043/1000; 0 ok, 43 failed
[0m[1;31mDone 044/1000; 0 ok, 44 failed
[0m[1;31mDone 045/1000; 0 ok, 45 failed
[0m[1;31mDone 046/1000; 0 ok, 46 failed
[0m[1;31mDone 047/1000; 0 ok, 47 failed
[0m[1;31mDone 048/1000; 0 ok, 48 failed
[0m[1;31mDone 049/1000; 0 ok, 49 failed
[0m[1;31mDone 050/1000; 0 ok, 50 failed
[0m[1;31mDone 051/1000; 0 ok, 51 failed
[0m[1;31mDone 052/1000; 0 ok, 52 failed
[0m[1;31mDone 053/1000; 0 ok, 53 failed
[0m[1;31mDone 054/1000; 0 ok, 54 failed
[0m[1;31mDone 055/1000; 0 ok, 55 failed
[0m[1;31mDone 056/1000; 0 ok, 56 failed
[0m[1;31mDone 057/1000; 0 ok, 57 failed
[0m[1;31mDone 058/1000; 0 ok, 58 failed
[0m[1;31mDone 059/1000; 0 ok, 59 failed
[0m[1;31mDone 060/1000; 0 ok, 60 failed
[0m[1;31mDone 061/1000; 0 ok, 61 failed
[0m[1;31mDone 062/1000; 0 ok, 62 failed
[0m[1;31mDone 063/1000; 0 ok, 63 failed
[0m[1;31mDone 064/1000; 0 ok, 64 failed
[0m[1;31mDone 065/1000; 0 ok, 65 failed
[0m[1;31mDone 066/1000; 0 ok, 66 failed
[0m[1;31mDone 067/1000; 0 ok, 67 failed
[0m[1;31mDone 068/1000; 0 ok, 68 failed
[0m[1;31mDone 069/1000; 0 ok, 69 failed
[0m[1;31mDone 070/1000; 0 ok, 70 failed
[0m[1;31mDone 071/1000; 0 ok, 71 failed
[0m[1;31mDone 072/1000; 0 ok, 72 failed
[0m[1;31mDone 073/1000; 0 ok, 73 failed
[0m[1;31mDone 074/1000; 0 ok, 74 failed
[0m[1;31mDone 075/1000; 0 ok, 75 failed
[0m[1;31mDone 076/1000; 0 ok, 76 failed
[0m[1;31mDone 077/1000; 0 ok, 77 failed
[0m[1;31mDone 078/1000; 0 ok, 78 failed
[0m[1;31mDone 079/1000; 0 ok, 79 failed
[0m[1;31mDone 080/1000; 0 ok, 80 failed
[0m[1;31mDone 081/1000; 0 ok, 81 failed
[0m[1;31mDone 082/1000; 0 ok, 82 failed
[0m[1;31mDone 083/1000; 0 ok, 83 failed
[0m[1;31mDone 084/1000; 0 ok, 84 failed
[0m[1;31mDone 085/1000; 0 ok, 85 failed
[0m[1;31mDone 086/1000; 0 ok, 86 failed
[0m[1;31mDone 087/1000; 0 ok, 87 failed
[0m[1;31mDone 088/1000; 0 ok, 88 failed
[0m[1;31mDone 089/1000; 0 ok, 89 failed
[0m[1;31mDone 090/1000; 0 ok, 90 failed
[0m[1;31mDone 091/1000; 0 ok, 91 failed
[0m[1;31mDone 092/1000; 0 ok, 92 failed
[0m[1;31mDone 093/1000; 0 ok, 93 failed
[0m[1;31mDone 094/1000; 0 ok, 94 failed
[0m[1;31mDone 095/1000; 0 ok, 95 failed
[0m[1;31mDone 096/1000; 0 ok, 96 failed
[0m[1;31mDone 097/1000; 0 ok, 97 failed
[0m[1;31mDone 098/1000; 0 ok, 98 failed
[0m[1;31mDone 099/1000; 0 ok, 99 failed
[0m[1;31mDone 100/1000; 0 ok, 100 failed
[0m[1;31mDone 101/1000; 0 ok, 101 failed
[0m[1;31mDone 102/1000; 0 ok, 102 failed
[0m[1;31mDone 103/1000; 0 ok, 103 failed
[0m[1;31mDone 104/1000; 0 ok, 104 failed
[0m[1;31mDone 105/1000; 0 ok, 105 failed
[0m[1;31mDone 106/1000; 0 ok, 106 failed
[0m[1;31mDone 107/1000; 0 ok, 107 failed
[0m[1;31mDone 108/1000; 0 ok, 108 failed
[0m[1;31mDone 109/1000; 0 ok, 109 failed
[0m[1;31mDone 110/1000; 0 ok, 110 failed
[0m[1;31mDone 111/1000; 0 ok, 111 failed
[0m[1;31mDone 112/1000; 0 ok, 112 failed
[0m[1;31mDone 113/1000; 0 ok, 113 failed
[0m[1;31mDone 114/1000; 0 ok, 114 failed
[0m[1;31mDone 115/1000; 0 ok, 115 failed
[0m[1;31mDone 116/1000; 0 ok, 116 failed
[0m[1;31mDone 117/1000; 0 ok, 117 failed
[0m[1;31mDone 118/1000; 0 ok, 118 failed
[0m[1;31mDone 119/1000; 0 ok, 119 failed
[0m[1;31mDone 120/1000; 0 ok, 120 failed
[0m[1;31mDone 121/1000; 0 ok, 121 failed
[0m[1;31mDone 122/1000; 0 ok, 122 failed
[0m[1;31mDone 123/1000; 0 ok, 123 failed
[0m[1;31mDone 124/1000; 0 ok, 124 failed
[0m[1;31mDone 125/1000; 0 ok, 125 failed
[0m[1;31mDone 126/1000; 0 ok, 126 failed
[0m[1;31mDone 127/1000; 0 ok, 127 failed
[0m[1;31mDone 128/1000; 0 ok, 128 failed
[0m[1;31mDone 129/1000; 0 ok, 129 failed
[0m[1;31mDone 130/1000; 0 ok, 130 failed
[0m[1;31mDone 131/1000; 0 ok, 131 failed
[0m[1;31mDone 132/1000; 0 ok, 132 failed
[0m[1;31mDone 133/1000; 0 ok, 133 failed
[0m[1;31mDone 134/1000; 0 ok, 134 failed
[0m[1;31mDone 135/1000; 0 ok, 135 failed
[0m[1;31mDone 136/1000; 0 ok, 136 failed
[0m[1;31mDone 137/1000; 0 ok, 137 failed
[0m[1;31mDone 138/1000; 0 ok, 138 failed
[0m[1;31mDone 139/1000; 0 ok, 139 failed
[0m[1;31mDone 140/1000; 0 ok, 140 failed
[0m[1;31mDone 141/1000; 0 ok, 141 failed
[0m[1;31mDone 142/1000; 0 ok, 142 failed
[0m[1;31mDone 143/1000; 0 ok, 143 failed
[0m[1;31mDone 144/1000; 0 ok, 144 failed
[0m[1;31mDone 145/1000; 0 ok, 145 failed
[0m[1;31mDone 146/1000; 0 ok, 146 failed
[0m[1;31mDone 147/1000; 0 ok, 147 failed
[0m[1;31mDone 148/1000; 0 ok, 148 failed
[0m[1;31mDone 149/1000; 0 ok, 149 failed
[0m[1;31mDone 150/1000; 0 ok, 150 failed
[0m[1;31mDone 151/1000; 0 ok, 151 failed
[0m[1;31mDone 152/1000; 0 ok, 152 failed
[0m[1;31mDone 153/1000; 0 ok, 153 failed
[0m[1;31mDone 154/1000; 0 ok, 154 failed
[0m[1;31mDone 155/1000; 0 ok, 155 failed
[0m[1;31mDone 156/1000; 0 ok, 156 failed
[0m[1;31mDone 157/1000; 0 ok, 157 failed
[0m[1;31mDone 158/1000; 0 ok, 158 failed
[0m[1;31mDone 159/1000; 0 ok, 159 failed
[0m[1;31mDone 160/1000; 0 ok, 160 failed
[0m[1;31mDone 161/1000; 0 ok, 161 failed
[0m[1;31mDone 162/1000; 0 ok, 162 failed
[0m[1;31mDone 163/1000; 0 ok, 163 failed
[0m[1;31mDone 164/1000; 0 ok, 164 failed
[0m[1;31mDone 165/1000; 0 ok, 165 failed
[0m[1;31mDone 166/1000; 0 ok, 166 failed
[0m[1;31mDone 167/1000; 0 ok, 167 failed
[0m[1;31mDone 168/1000; 0 ok, 168 failed
[0m[1;31mDone 169/1000; 0 ok, 169 failed
[0m[1;31mDone 170/1000; 0 ok, 170 failed
[0m[1;31mDone 171/1000; 0 ok, 171 failed
[0m[1;31mDone 172/1000; 0 ok, 172 failed
[0m[1;31mDone 173/1000; 0 ok, 173 failed
[0m[1;31mDone 174/1000; 0 ok, 174 failed
[0m[1;31mDone 175/1000; 0 ok, 175 failed
[0m[1;31mDone 176/1000; 0 ok, 176 failed
[0m[1;31mDone 177/1000; 0 ok, 177 failed
[0m[1;31mDone 178/1000; 0 ok, 178 failed
[0m[1;31mDone 179/1000; 0 ok, 179 failed
[0m[1;31mDone 180/1000; 0 ok, 180 failed
[0m[1;31mDone 181/1000; 0 ok, 181 failed
[0m[1;31mDone 182/1000; 0 ok, 182 failed
[0m[1;31mDone 183/1000; 0 ok, 183 failed
[0m[1;31mDone 184/1000; 0 ok, 184 failed
[0m[1;31mDone 185/1000; 0 ok, 185 failed
[0m[1;31mDone 186/1000; 0 ok, 186 failed
[0m[1;31mDone 187/1000; 0 ok, 187 failed
[0m[1;31mDone 188/1000; 0 ok, 188 failed
[0m[1;31mDone 189/1000; 0 ok, 189 failed
[0m[1;31mDone 190/1000; 0 ok, 190 failed
[0m[1;31mDone 191/1000; 0 ok, 191 failed
[0m[1;31mDone 192/1000; 0 ok, 192 failed
[0m[1;31mDone 193/1000; 0 ok, 193 failed
[0m[1;31mDone 194/1000; 0 ok, 194 failed
[0m[1;31mDone 195/1000; 0 ok, 195 failed
[0m[1;31mDone 196/1000; 0 ok, 196 failed
[0m[1;31mDone 197/1000; 0 ok, 197 failed
[0m[1;31mDone 198/1000; 0 ok, 198 failed
[0m[1;31mDone 199/1000; 0 ok, 199 failed
[0m[1;31mDone 200/1000; 0 ok, 200 failed
[0m[1;31mDone 201/1000; 0 ok, 201 failed
[0m[1;31mDone 202/1000; 0 ok, 202 failed
[0m[1;31mDone 203/1000; 0 ok, 203 failed
[0m[1;31mDone 204/1000; 0 ok, 204 failed
[0m[1;31mDone 205/1000; 0 ok, 205 failed
[0m[1;31mDone 206/1000; 0 ok, 206 failed
[0m[1;31mDone 207/1000; 0 ok, 207 failed
[0m[1;31mDone 208/1000; 0 ok, 208 failed
[0m[1;31mDone 209/1000; 0 ok, 209 failed
[0m[1;31mDone 210/1000; 0 ok, 210 failed
[0m[1;31mDone 211/1000; 0 ok, 211 failed
[0m[1;31mDone 212/1000; 0 ok, 212 failed
[0m[1;31mDone 213/1000; 0 ok, 213 failed
[0m[1;31mDone 214/1000; 0 ok, 214 failed
[0m[1;31mDone 215/1000; 0 ok, 215 failed
[0m[1;31mDone 216/1000; 0 ok, 216 failed
[0m[1;31mDone 217/1000; 0 ok, 217 failed
[0m[1;31mDone 218/1000; 0 ok, 218 failed
[0m[1;31mDone 219/1000; 0 ok, 219 failed
[0m[1;31mDone 220/1000; 0 ok, 220 failed
[0m[1;31mDone 221/1000; 0 ok, 221 failed
[0m[1;31mDone 222/1000; 0 ok, 222 failed
[0m[1;31mDone 223/1000; 0 ok, 223 failed
[0m[1;31mDone 224/1000; 0 ok, 224 failed
[0m[1;31mDone 225/1000; 0 ok, 225 failed
[0m[1;31mDone 226/1000; 0 ok, 226 failed
[0m[1;31mDone 227/1000; 0 ok, 227 failed
[0m[1;31mDone 228/1000; 0 ok, 228 failed
[0m[1;31mDone 229/1000; 0 ok, 229 failed
[0m[1;31mDone 230/1000; 0 ok, 230 failed
[0m[1;31mDone 231/1000; 0 ok, 231 failed
[0m[1;31mDone 232/1000; 0 ok, 232 failed
[0m[1;31mDone 233/1000; 0 ok, 233 failed
[0m[1;31mDone 234/1000; 0 ok, 234 failed
[0m[1;31mDone 235/1000; 0 ok, 235 failed
[0m[1;31mDone 236/1000; 0 ok, 236 failed
[0m[1;31mDone 237/1000; 0 ok, 237 failed
[0m[1;31mDone 238/1000; 0 ok, 238 failed
[0m[1;31mDone 239/1000; 0 ok, 239 failed
[0m[1;31mDone 240/1000; 0 ok, 240 failed
[0m[1;31mDone 241/1000; 0 ok, 241 failed
[0m[1;31mDone 242/1000; 0 ok, 242 failed
[0m[1;31mDone 243/1000; 0 ok, 243 failed
[0m[1;31mDone 244/1000; 0 ok, 244 failed
[0m[1;31mDone 245/1000; 0 ok, 245 failed
[0m[1;31mDone 246/1000; 0 ok, 246 failed
[0m[1;31mDone 247/1000; 0 ok, 247 failed
[0m[1;31mDone 248/1000; 0 ok, 248 failed
[0m[1;31mDone 249/1000; 0 ok, 249 failed
[0m[1;31mDone 250/1000; 0 ok, 250 failed
[0m[1;31mDone 251/1000; 0 ok, 251 failed
[0m[1;31mDone 252/1000; 0 ok, 252 failed
[0m[1;31mDone 253/1000; 0 ok, 253 failed
[0m[1;31mDone 254/1000; 0 ok, 254 failed
[0m[1;31mDone 255/1000; 0 ok, 255 failed
[0m[1;31mDone 256/1000; 0 ok, 256 failed
[0m[1;31mDone 257/1000; 0 ok, 257 failed
[0m[1;31mDone 258/1000; 0 ok, 258 failed
[0m[1;31mDone 259/1000; 0 ok, 259 failed
[0m[1;31mDone 260/1000; 0 ok, 260 failed
[0m[1;31mDone 261/1000; 0 ok, 261 failed
[0m[1;31mDone 262/1000; 0 ok, 262 failed
[0m[1;31mDone 263/1000; 0 ok, 263 failed
[0m[1;31mDone 264/1000; 0 ok, 264 failed
[0m[1;31mDone 265/1000; 0 ok, 265 failed
[0m[1;31mDone 266/1000; 0 ok, 266 failed
[0m[1;31mDone 267/1000; 0 ok, 267 failed
[0m[1;31mDone 268/1000; 0 ok, 268 failed
[0m[1;31mDone 269/1000; 0 ok, 269 failed
[0m[1;31mDone 270/1000; 0 ok, 270 failed
[0m[1;31mDone 271/1000; 0 ok, 271 failed
[0m[1;31mDone 272/1000; 0 ok, 272 failed
[0m[1;31mDone 273/1000; 0 ok, 273 failed
[0m[1;31mDone 274/1000; 0 ok, 274 failed
[0m[1;31mDone 275/1000; 0 ok, 275 failed
[0m[1;31mDone 276/1000; 0 ok, 276 failed
[0m[1;31mDone 277/1000; 0 ok, 277 failed
[0m[1;31mDone 278/1000; 0 ok, 278 failed
[0m[1;31mDone 279/1000; 0 ok, 279 failed
[0m[1;31mDone 280/1000; 0 ok, 280 failed
[0m[1;31mDone 281/1000; 0 ok, 281 failed
[0m[1;31mDone 282/1000; 0 ok, 282 failed
[0m[1;31mDone 283/1000; 0 ok, 283 failed
[0m[1;31mDone 284/1000; 0 ok, 284 failed
[0m[1;31mDone 285/1000; 0 ok, 285 failed
[0m[1;31mDone 286/1000; 0 ok, 286 failed
[0m[1;31mDone 287/1000; 0 ok, 287 failed
[0m[1;31mDone 288/1000; 0 ok, 288 failed
[0m[1;31mDone 289/1000; 0 ok, 289 failed
[0m[1;31mDone 290/1000; 0 ok, 290 failed
[0m[1;31mDone 291/1000; 0 ok, 291 failed
[0m[1;31mDone 292/1000; 0 ok, 292 failed
[0m[1;31mDone 293/1000; 0 ok, 293 failed
[0m[1;31mDone 294/1000; 0 ok, 294 failed
[0m[1;31mDone 295/1000; 0 ok, 295 failed
[0m[1;31mDone 296/1000; 0 ok, 296 failed
[0m[1;31mDone 297/1000; 0 ok, 297 failed
[0m[1;31mDone 298/1000; 0 ok, 298 failed
[0m[1;31mDone 299/1000; 0 ok, 299 failed
[0m[1;31mDone 300/1000; 0 ok, 300 failed
[0m[1;31mDone 301/1000; 0 ok, 301 failed
[0m[1;31mDone 302/1000; 0 ok, 302 failed
[0m[1;31mDone 303/1000; 0 ok, 303 failed
[0m[1;31mDone 304/1000; 0 ok, 304 failed
[0m[1;31mDone 305/1000; 0 ok, 305 failed
[0m[1;31mDone 306/1000; 0 ok, 306 failed
[0m[1;31mDone 307/1000; 0 ok, 307 failed
[0m[1;31mDone 308/1000; 0 ok, 308 failed
[0m[1;31mDone 309/1000; 0 ok, 309 failed
[0m[1;31mDone 310/1000; 0 ok, 310 failed
[0m[1;31mDone 311/1000; 0 ok, 311 failed
[0m[1;31mDone 312/1000; 0 ok, 312 failed
[0m[1;31mDone 313/1000; 0 ok, 313 failed
[0m[1;31mDone 314/1000; 0 ok, 314 failed
[0m[1;31mDone 315/1000; 0 ok, 315 failed
[0m[1;31mDone 316/1000; 0 ok, 316 failed
[0m[1;31mDone 317/1000; 0 ok, 317 failed
[0m[1;31mDone 318/1000; 0 ok, 318 failed
[0m[1;31mDone 319/1000; 0 ok, 319 failed
[0m[1;31mDone 320/1000; 0 ok, 320 failed
[0m[1;31mDone 321/1000; 0 ok, 321 failed
[0m[1;31mDone 322/1000; 0 ok, 322 failed
[0m[1;31mDone 323/1000; 0 ok, 323 failed
[0m[1;31mDone 324/1000; 0 ok, 324 failed
[0m[1;31mDone 325/1000; 0 ok, 325 failed
[0m[1;31mDone 326/1000; 0 ok, 326 failed
[0m[1;31mDone 327/1000; 0 ok, 327 failed
[0m[1;31mDone 328/1000; 0 ok, 328 failed
[0m[1;31mDone 329/1000; 0 ok, 329 failed
[0m[1;31mDone 330/1000; 0 ok, 330 failed
[0m[1;31mDone 331/1000; 0 ok, 331 failed
[0m[1;31mDone 332/1000; 0 ok, 332 failed
[0m[1;31mDone 333/1000; 0 ok, 333 failed
[0m[1;31mDone 334/1000; 0 ok, 334 failed
[0m[1;31mDone 335/1000; 0 ok, 335 failed
[0m[1;31mDone 336/1000; 0 ok, 336 failed
[0m[1;31mDone 337/1000; 0 ok, 337 failed
[0m[1;31mDone 338/1000; 0 ok, 338 failed
[0m[1;31mDone 339/1000; 0 ok, 339 failed
[0m[1;31mDone 340/1000; 0 ok, 340 failed
[0m[1;31mDone 341/1000; 0 ok, 341 failed
[0m[1;31mDone 342/1000; 0 ok, 342 failed
[0m[1;31mDone 343/1000; 0 ok, 343 failed
[0m[1;31mDone 344/1000; 0 ok, 344 failed
[0m[1;31mDone 345/1000; 0 ok, 345 failed
[0m[1;31mDone 346/1000; 0 ok, 346 failed
[0m[1;31mDone 347/1000; 0 ok, 347 failed
[0m[1;31mDone 348/1000; 0 ok, 348 failed
[0m[1;31mDone 349/1000; 0 ok, 349 failed
[0m[1;31mDone 350/1000; 0 ok, 350 failed
[0m[1;31mDone 351/1000; 0 ok, 351 failed
[0m[1;31mDone 352/1000; 0 ok, 352 failed
[0m[1;31mDone 353/1000; 0 ok, 353 failed
[0m[1;31mDone 354/1000; 0 ok, 354 failed
[0m[1;31mDone 355/1000; 0 ok, 355 failed
[0m[1;31mDone 356/1000; 0 ok, 356 failed
[0m[1;31mDone 357/1000; 0 ok, 357 failed
[0m[1;31mDone 358/1000; 0 ok, 358 failed
[0m[1;31mDone 359/1000; 0 ok, 359 failed
[0m[1;31mDone 360/1000; 0 ok, 360 failed
[0m[1;31mDone 361/1000; 0 ok, 361 failed
[0m[1;31mDone 362/1000; 0 ok, 362 failed
[0m[1;31mDone 363/1000; 0 ok, 363 failed
[0m[1;31mDone 364/1000; 0 ok, 364 failed
[0m[1;31mDone 365/1000; 0 ok, 365 failed
[0m[1;31mDone 366/1000; 0 ok, 366 failed
[0m[1;31mDone 367/1000; 0 ok, 367 failed
[0m[1;31mDone 368/1000; 0 ok, 368 failed
[0m[1;31mDone 369/1000; 0 ok, 369 failed
[0m[1;31mDone 370/1000; 0 ok, 370 failed
[0m[1;31mDone 371/1000; 0 ok, 371 failed
[0m[1;31mDone 372/1000; 0 ok, 372 failed
[0m[1;31mDone 373/1000; 0 ok, 373 failed
[0m[1;31mDone 374/1000; 0 ok, 374 failed
[0m[1;31mDone 375/1000; 0 ok, 375 failed
[0m[1;31mDone 376/1000; 0 ok, 376 failed
[0m[1;31mDone 377/1000; 0 ok, 377 failed
[0m[1;31mDone 378/1000; 0 ok, 378 failed
[0m[1;31mDone 379/1000; 0 ok, 379 failed
[0m[1;31mDone 380/1000; 0 ok, 380 failed
[0m[1;31mDone 381/1000; 0 ok, 381 failed
[0m[1;31mDone 382/1000; 0 ok, 382 failed
[0m[1;31mDone 383/1000; 0 ok, 383 failed
[0m[1;31mDone 384/1000; 0 ok, 384 failed
[0m[1;31mDone 385/1000; 0 ok, 385 failed
[0m[1;31mDone 386/1000; 0 ok, 386 failed
[0m[1;31mDone 387/1000; 0 ok, 387 failed
[0m[1;31mDone 388/1000; 0 ok, 388 failed
[0m[1;31mDone 389/1000; 0 ok, 389 failed
[0m[1;31mDone 390/1000; 0 ok, 390 failed
[0m[1;31mDone 391/1000; 0 ok, 391 failed
[0m[1;31mDone 392/1000; 0 ok, 392 failed
[0m[1;31mDone 393/1000; 0 ok, 393 failed
[0m[1;31mDone 394/1000; 0 ok, 394 failed
[0m[1;31mDone 395/1000; 0 ok, 395 failed
[0m[1;31mDone 396/1000; 0 ok, 396 failed
[0m[1;31mDone 397/1000; 0 ok, 397 failed
[0m[1;31mDone 398/1000; 0 ok, 398 failed
[0m[1;31mDone 399/1000; 0 ok, 399 failed
[0m[1;31mDone 400/1000; 0 ok, 400 failed
[0m[1;31mDone 401/1000; 0 ok, 401 failed
[0m[1;31mDone 402/1000; 0 ok, 402 failed
[0m[1;31mDone 403/1000; 0 ok, 403 failed
[0m[1;31mDone 404/1000; 0 ok, 404 failed
[0m[1;31mDone 405/1000; 0 ok, 405 failed
[0m[1;31mDone 406/1000; 0 ok, 406 failed
[0m[1;31mDone 407/1000; 0 ok, 407 failed
[0m[1;31mDone 408/1000; 0 ok, 408 failed
[0m[1;31mDone 409/1000; 0 ok, 409 failed
[0m[1;31mDone 410/1000; 0 ok, 410 failed
[0m[1;31mDone 411/1000; 0 ok, 411 failed
[0m[1;31mDone 412/1000; 0 ok, 412 failed
[0m[1;31mDone 413/1000; 0 ok, 413 failed
[0m[1;31mDone 414/1000; 0 ok, 414 failed
[0m[1;31mDone 415/1000; 0 ok, 415 failed
[0m[1;31mDone 416/1000; 0 ok, 416 failed
[0m[1;31mDone 417/1000; 0 ok, 417 failed
[0m[1;31mDone 418/1000; 0 ok, 418 failed
[0m[1;31mDone 419/1000; 0 ok, 419 failed
[0m[1;31mDone 420/1000; 0 ok, 420 failed
[0m[1;31mDone 421/1000; 0 ok, 421 failed
[0m[1;31mDone 422/1000; 0 ok, 422 failed
[0m[1;31mDone 423/1000; 0 ok, 423 failed
[0m[1;31mDone 424/1000; 0 ok, 424 failed
[0m[1;31mDone 425/1000; 0 ok, 425 failed
[0m[1;31mDone 426/1000; 0 ok, 426 failed
[0m[1;31mDone 427/1000; 0 ok, 427 failed
[0m[1;31mDone 428/1000; 0 ok, 428 failed
[0m[1;31mDone 429/1000; 0 ok, 429 failed
[0m[1;31mDone 430/1000; 0 ok, 430 failed
[0m[1;31mDone 431/1000; 0 ok, 431 failed
[0m[1;31mDone 432/1000; 0 ok, 432 failed
[0m[1;31mDone 433/1000; 0 ok, 433 failed
[0m[1;31mDone 434/1000; 0 ok, 434 failed
[0m[1;31mDone 435/1000; 0 ok, 435 failed
[0m[1;31mDone 436/1000; 0 ok, 436 failed
[0m[1;31mDone 437/1000; 0 ok, 437 failed
[0m[1;31mDone 438/1000; 0 ok, 438 failed
[0m[1;31mDone 439/1000; 0 ok, 439 failed
[0m[1;31mDone 440/1000; 0 ok, 440 failed
[0m[1;31mDone 441/1000; 0 ok, 441 failed
[0m[1;31mDone 442/1000; 0 ok, 442 failed
[0m[1;31mDone 443/1000; 0 ok, 443 failed
[0m[1;31mDone 444/1000; 0 ok, 444 failed
[0m[1;31mDone 445/1000; 0 ok, 445 failed
[0m[1;31mDone 446/1000; 0 ok, 446 failed
[0m[1;31mDone 447/1000; 0 ok, 447 failed
[0m[1;31mDone 448/1000; 0 ok, 448 failed
[0m[1;31mDone 449/1000; 0 ok, 449 failed
[0m[1;31mDone 450/1000; 0 ok, 450 failed
[0m[1;31mDone 451/1000; 0 ok, 451 failed
[0m[1;31mDone 452/1000; 0 ok, 452 failed
[0m[1;31mDone 453/1000; 0 ok, 453 failed
[0m[1;31mDone 454/1000; 0 ok, 454 failed
[0m[1;31mDone 455/1000; 0 ok, 455 failed
[0m[1;31mDone 456/1000; 0 ok, 456 failed
[0m[1;31mDone 457/1000; 0 ok, 457 failed
[0m[1;31mDone 458/1000; 0 ok, 458 failed
[0m[1;31mDone 459/1000; 0 ok, 459 failed
[0m[1;31mDone 460/1000; 0 ok, 460 failed
[0m[1;31mDone 461/1000; 0 ok, 461 failed
[0m[1;31mDone 462/1000; 0 ok, 462 failed
[0m[1;31mDone 463/1000; 0 ok, 463 failed
[0m[1;31mDone 464/1000; 0 ok, 464 failed
[0m[1;31mDone 465/1000; 0 ok, 465 failed
[0m[1;31mDone 466/1000; 0 ok, 466 failed
[0m[1;31mDone 467/1000; 0 ok, 467 failed
[0m[1;31mDone 468/1000; 0 ok, 468 failed
[0m[1;31mDone 469/1000; 0 ok, 469 failed
[0m[1;31mDone 470/1000; 0 ok, 470 failed
[0m[1;31mDone 471/1000; 0 ok, 471 failed
[0m[1;31mDone 472/1000; 0 ok, 472 failed
[0m[1;31mDone 473/1000; 0 ok, 473 failed
[0m[1;31mDone 474/1000; 0 ok, 474 failed
[0m[1;31mDone 475/1000; 0 ok, 475 failed
[0m[1;31mDone 476/1000; 0 ok, 476 failed
[0m[1;31mDone 477/1000; 0 ok, 477 failed
[0m[1;31mDone 478/1000; 0 ok, 478 failed
[0m[1;31mDone 479/1000; 0 ok, 479 failed
[0m[1;31mDone 480/1000; 0 ok, 480 failed
[0m[1;31mDone 481/1000; 0 ok, 481 failed
[0m[1;31mDone 482/1000; 0 ok, 482 failed
[0m[1;31mDone 483/1000; 0 ok, 483 failed
[0m[1;31mDone 484/1000; 0 ok, 484 failed
[0m[1;31mDone 485/1000; 0 ok, 485 failed
[0m[1;31mDone 486/1000; 0 ok, 486 failed
[0m[1;31mDone 487/1000; 0 ok, 487 failed
[0m[1;31mDone 488/1000; 0 ok, 488 failed
[0m[1;31mDone 489/1000; 0 ok, 489 failed
[0m[1;31mDone 490/1000; 0 ok, 490 failed
[0m[1;31mDone 491/1000; 0 ok, 491 failed
[0m[1;31mDone 492/1000; 0 ok, 492 failed
[0m[1;31mDone 493/1000; 0 ok, 493 failed
[0m[1;31mDone 494/1000; 0 ok, 494 failed
[0m[1;31mDone 495/1000; 0 ok, 495 failed
[0m[1;31mDone 496/1000; 0 ok, 496 failed
[0m[1;31mDone 497/1000; 0 ok, 497 failed
[0m[1;31mDone 498/1000; 0 ok, 498 failed
[0m[1;31mDone 499/1000; 0 ok, 499 failed
[0m[1;31mDone 500/1000; 0 ok, 500 failed
[0m[1;31mDone 501/1000; 0 ok, 501 failed
[0m[1;31mDone 502/1000; 0 ok, 502 failed
[0m[1;31mDone 503/1000; 0 ok, 503 failed
[0m[1;31mDone 504/1000; 0 ok, 504 failed
[0m[1;31mDone 505/1000; 0 ok, 505 failed
[0m[1;31mDone 506/1000; 0 ok, 506 failed
[0m[1;31mDone 507/1000; 0 ok, 507 failed
[0m[1;31mDone 508/1000; 0 ok, 508 failed
[0m[1;31mDone 509/1000; 0 ok, 509 failed
[0m[1;31mDone 510/1000; 0 ok, 510 failed
[0m[1;31mDone 511/1000; 0 ok, 511 failed
[0m[1;31mDone 512/1000; 0 ok, 512 failed
[0m[1;31mDone 513/1000; 0 ok, 513 failed
[0m[1;31mDone 514/1000; 0 ok, 514 failed
[0m[1;31mDone 515/1000; 0 ok, 515 failed
[0m[1;31mDone 516/1000; 0 ok, 516 failed
[0m[1;31mDone 517/1000; 0 ok, 517 failed
[0m[1;31mDone 518/1000; 0 ok, 518 failed
[0m[1;31mDone 519/1000; 0 ok, 519 failed
[0m[1;31mDone 520/1000; 0 ok, 520 failed
[0m[1;31mDone 521/1000; 0 ok, 521 failed
[0m[1;31mDone 522/1000; 0 ok, 522 failed
[0m[1;31mDone 523/1000; 0 ok, 523 failed
[0m[1;31mDone 524/1000; 0 ok, 524 failed
[0m[1;31mDone 525/1000; 0 ok, 525 failed
[0m[1;31mDone 526/1000; 0 ok, 526 failed
[0m[1;31mDone 527/1000; 0 ok, 527 failed
[0m[1;31mDone 528/1000; 0 ok, 528 failed
[0m[1;31mDone 529/1000; 0 ok, 529 failed
[0m[1;31mDone 530/1000; 0 ok, 530 failed
[0m[1;31mDone 531/1000; 0 ok, 531 failed
[0m[1;31mDone 532/1000; 0 ok, 532 failed
[0m[1;31mDone 533/1000; 0 ok, 533 failed
[0m[1;31mDone 534/1000; 0 ok, 534 failed
[0m[1;31mDone 535/1000; 0 ok, 535 failed
[0m[1;31mDone 536/1000; 0 ok, 536 failed
[0m[1;31mDone 537/1000; 0 ok, 537 failed
[0m[1;31mDone 538/1000; 0 ok, 538 failed
[0m[1;31mDone 539/1000; 0 ok, 539 failed
[0m[1;31mDone 540/1000; 0 ok, 540 failed
[0m[1;31mDone 541/1000; 0 ok, 541 failed
[0m[1;31mDone 542/1000; 0 ok, 542 failed
[0m[1;31mDone 543/1000; 0 ok, 543 failed
[0m[1;31mDone 544/1000; 0 ok, 544 failed
[0m[1;31mDone 545/1000; 0 ok, 545 failed
[0m[1;31mDone 546/1000; 0 ok, 546 failed
[0m[1;31mDone 547/1000; 0 ok, 547 failed
[0m[1;31mDone 548/1000; 0 ok, 548 failed
[0m[1;31mDone 549/1000; 0 ok, 549 failed
[0m[1;31mDone 550/1000; 0 ok, 550 failed
[0m[1;31mDone 551/1000; 0 ok, 551 failed
[0m[1;31mDone 552/1000; 0 ok, 552 failed
[0m[1;31mDone 553/1000; 0 ok, 553 failed
[0m[1;31mDone 554/1000; 0 ok, 554 failed
[0m[1;31mDone 555/1000; 0 ok, 555 failed
[0m[1;31mDone 556/1000; 0 ok, 556 failed
[0m[1;31mDone 557/1000; 0 ok, 557 failed
[0m[1;31mDone 558/1000; 0 ok, 558 failed
[0m[1;31mDone 559/1000; 0 ok, 559 failed
[0m[1;31mDone 560/1000; 0 ok, 560 failed
[0m[1;31mDone 561/1000; 0 ok, 561 failed
[0m[1;31mDone 562/1000; 0 ok, 562 failed
[0m[1;31mDone 563/1000; 0 ok, 563 failed
[0m[1;31mDone 564/1000; 0 ok, 564 failed
[0m[1;31mDone 565/1000; 0 ok, 565 failed
[0m[1;31mDone 566/1000; 0 ok, 566 failed
[0m[1;31mDone 567/1000; 0 ok, 567 failed
[0m[1;31mDone 568/1000; 0 ok, 568 failed
[0m[1;31mDone 569/1000; 0 ok, 569 failed
[0m[1;31mDone 570/1000; 0 ok, 570 failed
[0m[1;31mDone 571/1000; 0 ok, 571 failed
[0m[1;31mDone 572/1000; 0 ok, 572 failed
[0m[1;31mDone 573/1000; 0 ok, 573 failed
[0m[1;31mDone 574/1000; 0 ok, 574 failed
[0m[1;31mDone 575/1000; 0 ok, 575 failed
[0m[1;31mDone 576/1000; 0 ok, 576 failed
[0m[1;31mDone 577/1000; 0 ok, 577 failed
[0m[1;31mDone 578/1000; 0 ok, 578 failed
[0m[1;31mDone 579/1000; 0 ok, 579 failed
[0m[1;31mDone 580/1000; 0 ok, 580 failed
[0m[1;31mDone 581/1000; 0 ok, 581 failed
[0m[1;31mDone 582/1000; 0 ok, 582 failed
[0m[1;31mDone 583/1000; 0 ok, 583 failed
[0m[1;31mDone 584/1000; 0 ok, 584 failed
[0m[1;31mDone 585/1000; 0 ok, 585 failed
[0m[1;31mDone 586/1000; 0 ok, 586 failed
[0m[1;31mDone 587/1000; 0 ok, 587 failed
[0m[1;31mDone 588/1000; 0 ok, 588 failed
[0m[1;31mDone 589/1000; 0 ok, 589 failed
[0m[1;31mDone 590/1000; 0 ok, 590 failed
[0m[1;31mDone 591/1000; 0 ok, 591 failed
[0m[1;31mDone 592/1000; 0 ok, 592 failed
[0m[1;31mDone 593/1000; 0 ok, 593 failed
[0m[1;31mDone 594/1000; 0 ok, 594 failed
[0m[1;31mDone 595/1000; 0 ok, 595 failed
[0m[1;31mDone 596/1000; 0 ok, 596 failed
[0m[1;31mDone 597/1000; 0 ok, 597 failed
[0m[1;31mDone 598/1000; 0 ok, 598 failed
[0m[1;31mDone 599/1000; 0 ok, 599 failed
[0m[1;31mDone 600/1000; 0 ok, 600 failed
[0m[1;31mDone 601/1000; 0 ok, 601 failed
[0m[1;31mDone 602/1000; 0 ok, 602 failed
[0m[1;31mDone 603/1000; 0 ok, 603 failed
[0m[1;31mDone 604/1000; 0 ok, 604 failed
[0m[1;31mDone 605/1000; 0 ok, 605 failed
[0m[1;31mDone 606/1000; 0 ok, 606 failed
[0m[1;31mDone 607/1000; 0 ok, 607 failed
[0m[1;31mDone 608/1000; 0 ok, 608 failed
[0m[1;31mDone 609/1000; 0 ok, 609 failed
[0m[1;31mDone 610/1000; 0 ok, 610 failed
[0m[1;31mDone 611/1000; 0 ok, 611 failed
[0m[1;31mDone 612/1000; 0 ok, 612 failed
[0m[1;31mDone 613/1000; 0 ok, 613 failed
[0m[1;31mDone 614/1000; 0 ok, 614 failed
[0m[1;31mDone 615/1000; 0 ok, 615 failed
[0m[1;31mDone 616/1000; 0 ok, 616 failed
[0m[1;31mDone 617/1000; 0 ok, 617 failed
[0m[1;31mDone 618/1000; 0 ok, 618 failed
[0m[1;31mDone 619/1000; 0 ok, 619 failed
[0m[1;31mDone 620/1000; 0 ok, 620 failed
[0m[1;31mDone 621/1000; 0 ok, 621 failed
[0m[1;31mDone 622/1000; 0 ok, 622 failed
[0m[1;31mDone 623/1000; 0 ok, 623 failed
[0m[1;31mDone 624/1000; 0 ok, 624 failed
[0m[1;31mDone 625/1000; 0 ok, 625 failed
[0m[1;31mDone 626/1000; 0 ok, 626 failed
[0m[1;31mDone 627/1000; 0 ok, 627 failed
[0m[1;31mDone 628/1000; 0 ok, 628 failed
[0m[1;31mDone 629/1000; 0 ok, 629 failed
[0m[1;31mDone 630/1000; 0 ok, 630 failed
[0m[1;31mDone 631/1000; 0 ok, 631 failed
[0m[1;31mDone 632/1000; 0 ok, 632 failed
[0m[1;31mDone 633/1000; 0 ok, 633 failed
[0m[1;31mDone 634/1000; 0 ok, 634 failed
[0m[1;31mDone 635/1000; 0 ok, 635 failed
[0m[1;31mDone 636/1000; 0 ok, 636 failed
[0m[1;31mDone 637/1000; 0 ok, 637 failed
[0m[1;31mDone 638/1000; 0 ok, 638 failed
[0m[1;31mDone 639/1000; 0 ok, 639 failed
[0m[1;31mDone 640/1000; 0 ok, 640 failed
[0m[1;31mDone 641/1000; 0 ok, 641 failed
[0m[1;31mDone 642/1000; 0 ok, 642 failed
[0m[1;31mDone 643/1000; 0 ok, 643 failed
[0m[1;31mDone 644/1000; 0 ok, 644 failed
[0m[1;31mDone 645/1000; 0 ok, 645 failed
[0m[1;31mDone 646/1000; 0 ok, 646 failed
[0m[1;31mDone 647/1000; 0 ok, 647 failed
[0m[1;31mDone 648/1000; 0 ok, 648 failed
[0m[1;31mDone 649/1000; 0 ok, 649 failed
[0m[1;31mDone 650/1000; 0 ok, 650 failed
[0m[1;31mDone 651/1000; 0 ok, 651 failed
[0m[1;31mDone 652/1000; 0 ok, 652 failed
[0m[1;31mDone 653/1000; 0 ok, 653 failed
[0m[1;31mDone 654/1000; 0 ok, 654 failed
[0m[1;31mDone 655/1000; 0 ok, 655 failed
[0m[1;31mDone 656/1000; 0 ok, 656 failed
[0m[1;31mDone 657/1000; 0 ok, 657 failed
[0m[1;31mDone 658/1000; 0 ok, 658 failed
[0m[1;31mDone 659/1000; 0 ok, 659 failed
[0m[1;31mDone 660/1000; 0 ok, 660 failed
[0m[1;31mDone 661/1000; 0 ok, 661 failed
[0m[1;31mDone 662/1000; 0 ok, 662 failed
[0m[1;31mDone 663/1000; 0 ok, 663 failed
[0m[1;31mDone 664/1000; 0 ok, 664 failed
[0m[1;31mDone 665/1000; 0 ok, 665 failed
[0m[1;31mDone 666/1000; 0 ok, 666 failed
[0m[1;31mDone 667/1000; 0 ok, 667 failed
[0m[1;31mDone 668/1000; 0 ok, 668 failed
[0m[1;31mDone 669/1000; 0 ok, 669 failed
[0m[1;31mDone 670/1000; 0 ok, 670 failed
[0m[1;31mDone 671/1000; 0 ok, 671 failed
[0m[1;31mDone 672/1000; 0 ok, 672 failed
[0m[1;31mDone 673/1000; 0 ok, 673 failed
[0m[1;31mDone 674/1000; 0 ok, 674 failed
[0m[1;31mDone 675/1000; 0 ok, 675 failed
[0m[1;31mDone 676/1000; 0 ok, 676 failed
[0m[1;31mDone 677/1000; 0 ok, 677 failed
[0m[1;31mDone 678/1000; 0 ok, 678 failed
[0m[1;31mDone 679/1000; 0 ok, 679 failed
[0m[1;31mDone 680/1000; 0 ok, 680 failed
[0m[1;31mDone 681/1000; 0 ok, 681 failed
[0m[1;31mDone 682/1000; 0 ok, 682 failed
[0m[1;31mDone 683/1000; 0 ok, 683 failed
[0m[1;31mDone 684/1000; 0 ok, 684 failed
[0m[1;31mDone 685/1000; 0 ok, 685 failed
[0m[1;31mDone 686/1000; 0 ok, 686 failed
[0m[1;31mDone 687/1000; 0 ok, 687 failed
[0m[1;31mDone 688/1000; 0 ok, 688 failed
[0m[1;31mDone 689/1000; 0 ok, 689 failed
[0m[1;31mDone 690/1000; 0 ok, 690 failed
[0m[1;31mDone 691/1000; 0 ok, 691 failed
[0m[1;31mDone 692/1000; 0 ok, 692 failed
[0m[1;31mDone 693/1000; 0 ok, 693 failed
[0m[1;31mDone 694/1000; 0 ok, 694 failed
[0m[1;31mDone 695/1000; 0 ok, 695 failed
[0m[1;31mDone 696/1000; 0 ok, 696 failed
[0m[1;31mDone 697/1000; 0 ok, 697 failed
[0m[1;31mDone 698/1000; 0 ok, 698 failed
[0m[1;31mDone 699/1000; 0 ok, 699 failed
[0m[1;31mDone 700/1000; 0 ok, 700 failed
[0m[1;31mDone 701/1000; 0 ok, 701 failed
[0m[1;31mDone 702/1000; 0 ok, 702 failed
[0m[1;31mDone 703/1000; 0 ok, 703 failed
[0m[1;31mDone 704/1000; 0 ok, 704 failed
[0m[1;31mDone 705/1000; 0 ok, 705 failed
[0m[1;31mDone 706/1000; 0 ok, 706 failed
[0m[1;31mDone 707/1000; 0 ok, 707 failed
[0m[1;31mDone 708/1000; 0 ok, 708 failed
[0m[1;31mDone 709/1000; 0 ok, 709 failed
[0m[1;31mDone 710/1000; 0 ok, 710 failed
[0m[1;31mDone 711/1000; 0 ok, 711 failed
[0m[1;31mDone 712/1000; 0 ok, 712 failed
[0m[1;31mDone 713/1000; 0 ok, 713 failed
[0m[1;31mDone 714/1000; 0 ok, 714 failed
[0m[1;31mDone 715/1000; 0 ok, 715 failed
[0m[1;31mDone 716/1000; 0 ok, 716 failed
[0m[1;31mDone 717/1000; 0 ok, 717 failed
[0m[1;31mDone 718/1000; 0 ok, 718 failed
[0m[1;31mDone 719/1000; 0 ok, 719 failed
[0m[1;31mDone 720/1000; 0 ok, 720 failed
[0m[1;31mDone 721/1000; 0 ok, 721 failed
[0m[1;31mDone 722/1000; 0 ok, 722 failed
[0m[1;31mDone 723/1000; 0 ok, 723 failed
[0m[1;31mDone 724/1000; 0 ok, 724 failed
[0m[1;31mDone 725/1000; 0 ok, 725 failed
[0m[1;31mDone 726/1000; 0 ok, 726 failed
[0m[1;31mDone 727/1000; 0 ok, 727 failed
[0m[1;31mDone 728/1000; 0 ok, 728 failed
[0m[1;31mDone 729/1000; 0 ok, 729 failed
[0m[1;31mDone 730/1000; 0 ok, 730 failed
[0m[1;31mDone 731/1000; 0 ok, 731 failed
[0m[1;31mDone 732/1000; 0 ok, 732 failed
[0m[1;31mDone 733/1000; 0 ok, 733 failed
[0m[1;31mDone 734/1000; 0 ok, 734 failed
[0m[1;31mDone 735/1000; 0 ok, 735 failed
[0m[1;31mDone 736/1000; 0 ok, 736 failed
[0m[1;31mDone 737/1000; 0 ok, 737 failed
[0m[1;31mDone 738/1000; 0 ok, 738 failed
[0m[1;31mDone 739/1000; 0 ok, 739 failed
[0m[1;31mDone 740/1000; 0 ok, 740 failed
[0m[1;31mDone 741/1000; 0 ok, 741 failed
[0m[1;31mDone 742/1000; 0 ok, 742 failed
[0m[1;31mDone 743/1000; 0 ok, 743 failed
[0m[1;31mDone 744/1000; 0 ok, 744 failed
[0m[1;31mDone 745/1000; 0 ok, 745 failed
[0m[1;31mDone 746/1000; 0 ok, 746 failed
[0m[1;31mDone 747/1000; 0 ok, 747 failed
[0m[1;31mDone 748/1000; 0 ok, 748 failed
[0m[1;31mDone 749/1000; 0 ok, 749 failed
[0m[1;31mDone 750/1000; 0 ok, 750 failed
[0m[1;31mDone 751/1000; 0 ok, 751 failed
[0m[1;31mDone 752/1000; 0 ok, 752 failed
[0m[1;31mDone 753/1000; 0 ok, 753 failed
[0m[1;31mDone 754/1000; 0 ok, 754 failed
[0m[1;31mDone 755/1000; 0 ok, 755 failed
[0m[1;31mDone 756/1000; 0 ok, 756 failed
[0m[1;31mDone 757/1000; 0 ok, 757 failed
[0m[1;31mDone 758/1000; 0 ok, 758 failed
[0m[1;31mDone 759/1000; 0 ok, 759 failed
[0m[1;31mDone 760/1000; 0 ok, 760 failed
[0m[1;31mDone 761/1000; 0 ok, 761 failed
[0m[1;31mDone 762/1000; 0 ok, 762 failed
[0m[1;31mDone 763/1000; 0 ok, 763 failed
[0m[1;31mDone 764/1000; 0 ok, 764 failed
[0m[1;31mDone 765/1000; 0 ok, 765 failed
[0m[1;31mDone 766/1000; 0 ok, 766 failed
[0m[1;31mDone 767/1000; 0 ok, 767 failed
[0m[1;31mDone 768/1000; 0 ok, 768 failed
[0m[1;31mDone 769/1000; 0 ok, 769 failed
[0m[1;31mDone 770/1000; 0 ok, 770 failed
[0m[1;31mDone 771/1000; 0 ok, 771 failed
[0m[1;31mDone 772/1000; 0 ok, 772 failed
[0m[1;31mDone 773/1000; 0 ok, 773 failed
[0m[1;31mDone 774/1000; 0 ok, 774 failed
[0m[1;31mDone 775/1000; 0 ok, 775 failed
[0m[1;31mDone 776/1000; 0 ok, 776 failed
[0m[1;31mDone 777/1000; 0 ok, 777 failed
[0m[1;31mDone 778/1000; 0 ok, 778 failed
[0m[1;31mDone 779/1000; 0 ok, 779 failed
[0m[1;31mDone 780/1000; 0 ok, 780 failed
[0m[1;31mDone 781/1000; 0 ok, 781 failed
[0m[1;31mDone 782/1000; 0 ok, 782 failed
[0m[1;31mDone 783/1000; 0 ok, 783 failed
[0m[1;31mDone 784/1000; 0 ok, 784 failed
[0m[1;31mDone 785/1000; 0 ok, 785 failed
[0m[1;31mDone 786/1000; 0 ok, 786 failed
[0m[1;31mDone 787/1000; 0 ok, 787 failed
[0m[1;31mDone 788/1000; 0 ok, 788 failed
[0m[1;31mDone 789/1000; 0 ok, 789 failed
[0m[1;31mDone 790/1000; 0 ok, 790 failed
[0m[1;31mDone 791/1000; 0 ok, 791 failed
[0m[1;31mDone 792/1000; 0 ok, 792 failed
[0m[1;31mDone 793/1000; 0 ok, 793 failed
[0m[1;31mDone 794/1000; 0 ok, 794 failed
[0m[1;31mDone 795/1000; 0 ok, 795 failed
[0m[1;31mDone 796/1000; 0 ok, 796 failed
[0m[1;31mDone 797/1000; 0 ok, 797 failed
[0m[1;31mDone 798/1000; 0 ok, 798 failed
[0m[1;31mDone 799/1000; 0 ok, 799 failed
[0m[1;31mDone 800/1000; 0 ok, 800 failed
[0m[1;31mDone 801/1000; 0 ok, 801 failed
[0m[1;31mDone 802/1000; 0 ok, 802 failed
[0m[1;31mDone 803/1000; 0 ok, 803 failed
[0m[1;31mDone 804/1000; 0 ok, 804 failed
[0m[1;31mDone 805/1000; 0 ok, 805 failed
[0m[1;31mDone 806/1000; 0 ok, 806 failed
[0m[1;31mDone 807/1000; 0 ok, 807 failed
[0m[1;31mDone 808/1000; 0 ok, 808 failed
[0m[1;31mDone 809/1000; 0 ok, 809 failed
[0m[1;31mDone 810/1000; 0 ok, 810 failed
[0m[1;31mDone 811/1000; 0 ok, 811 failed
[0m[1;31mDone 812/1000; 0 ok, 812 failed
[0m[1;31mDone 813/1000; 0 ok, 813 failed
[0m[1;31mDone 814/1000; 0 ok, 814 failed
[0m[1;31mDone 815/1000; 0 ok, 815 failed
[0m[1;31mDone 816/1000; 0 ok, 816 failed
[0m[1;31mDone 817/1000; 0 ok, 817 failed
[0m[1;31mDone 818/1000; 0 ok, 818 failed
[0m[1;31mDone 819/1000; 0 ok, 819 failed
[0m[1;31mDone 820/1000; 0 ok, 820 failed
[0m[1;31mDone 821/1000; 0 ok, 821 failed
[0m[1;31mDone 822/1000; 0 ok, 822 failed
[0m[1;31mDone 823/1000; 0 ok, 823 failed
[0m[1;31mDone 824/1000; 0 ok, 824 failed
[0m[1;31mDone 825/1000; 0 ok, 825 failed
[0m[1;31mDone 826/1000; 0 ok, 826 failed
[0m[1;31mDone 827/1000; 0 ok, 827 failed
[0m[1;31mDone 828/1000; 0 ok, 828 failed
[0m[1;31mDone 829/1000; 0 ok, 829 failed
[0m[1;31mDone 830/1000; 0 ok, 830 failed
[0m[1;31mDone 831/1000; 0 ok, 831 failed
[0m[1;31mDone 832/1000; 0 ok, 832 failed
[0m[1;31mDone 833/1000; 0 ok, 833 failed
[0m[1;31mDone 834/1000; 0 ok, 834 failed
[0m[1;31mDone 835/1000; 0 ok, 835 failed
[0m[1;31mDone 836/1000; 0 ok, 836 failed
[0m[1;31mDone 837/1000; 0 ok, 837 failed
[0m[1;31mDone 838/1000; 0 ok, 838 failed
[0m[1;31mDone 839/1000; 0 ok, 839 failed
[0m[1;31mDone 840/1000; 0 ok, 840 failed
[0m[1;31mDone 841/1000; 0 ok, 841 failed
[0m[1;31mDone 842/1000; 0 ok, 842 failed
[0m[1;31mDone 843/1000; 0 ok, 843 failed
[0m[1;31mDone 844/1000; 0 ok, 844 failed
[0m[1;31mDone 845/1000; 0 ok, 845 failed
[0m[1;31mDone 846/1000; 0 ok, 846 failed
[0m[1;31mDone 847/1000; 0 ok, 847 failed
[0m[1;31mDone 848/1000; 0 ok, 848 failed
[0m[1;31mDone 849/1000; 0 ok, 849 failed
[0m[1;31mDone 850/1000; 0 ok, 850 failed
[0m[1;31mDone 851/1000; 0 ok, 851 failed
[0m[1;31mDone 852/1000; 0 ok, 852 failed
[0m[1;31mDone 853/1000; 0 ok, 853 failed
[0m[1;31mDone 854/1000; 0 ok, 854 failed
[0m[1;31mDone 855/1000; 0 ok, 855 failed
[0m[1;31mDone 856/1000; 0 ok, 856 failed
[0m[1;31mDone 857/1000; 0 ok, 857 failed
[0m[1;31mDone 858/1000; 0 ok, 858 failed
[0m[1;31mDone 859/1000; 0 ok, 859 failed
[0m[1;31mDone 860/1000; 0 ok, 860 failed
[0m[1;31mDone 861/1000; 0 ok, 861 failed
[0m[1;31mDone 862/1000; 0 ok, 862 failed
[0m[1;31mDone 863/1000; 0 ok, 863 failed
[0m[1;31mDone 864/1000; 0 ok, 864 failed
[0m[1;31mDone 865/1000; 0 ok, 865 failed
[0m[1;31mDone 866/1000; 0 ok, 866 failed
[0m[1;31mDone 867/1000; 0 ok, 867 failed
[0m[1;31mDone 868/1000; 0 ok, 868 failed
[0m[1;31mDone 869/1000; 0 ok, 869 failed
[0m[1;31mDone 870/1000; 0 ok, 870 failed
[0m[1;31mDone 871/1000; 0 ok, 871 failed
[0m[1;31mDone 872/1000; 0 ok, 872 failed
[0m[1;31mDone 873/1000; 0 ok, 873 failed
[0m[1;31mDone 874/1000; 0 ok, 874 failed
[0m[1;31mDone 875/1000; 0 ok, 875 failed
[0m[1;31mDone 876/1000; 0 ok, 876 failed
[0m[1;31mDone 877/1000; 0 ok, 877 failed
[0m[1;31mDone 878/1000; 0 ok, 878 failed
[0m[1;31mDone 879/1000; 0 ok, 879 failed
[0m[1;31mDone 880/1000; 0 ok, 880 failed
[0m[1;31mDone 881/1000; 0 ok, 881 failed
[0m[1;31mDone 882/1000; 0 ok, 882 failed
[0m[1;31mDone 883/1000; 0 ok, 883 failed
[0m[1;31mDone 884/1000; 0 ok, 884 failed
[0m[1;31mDone 885/1000; 0 ok, 885 failed
[0m[1;31mDone 886/1000; 0 ok, 886 failed
[0m[1;31mDone 887/1000; 0 ok, 887 failed
[0m[1;31mDone 888/1000; 0 ok, 888 failed
[0m[1;31mDone 889/1000; 0 ok, 889 failed
[0m[1;31mDone 890/1000; 0 ok, 890 failed
[0m[1;31mDone 891/1000; 0 ok, 891 failed
[0m[1;31mDone 892/1000; 0 ok, 892 failed
[0m[1;31mDone 893/1000; 0 ok, 893 failed
[0m[1;31mDone 894/1000; 0 ok, 894 failed
[0m[1;31mDone 895/1000; 0 ok, 895 failed
[0m[1;31mDone 896/1000; 0 ok, 896 failed
[0m[1;31mDone 897/1000; 0 ok, 897 failed
[0m[1;31mDone 898/1000; 0 ok, 898 failed
[0m[1;31mDone 899/1000; 0 ok, 899 failed
[0m[1;31mDone 900/1000; 0 ok, 900 failed
[0m[1;31mDone 901/1000; 0 ok, 901 failed
[0m[1;31mDone 902/1000; 0 ok, 902 failed
[0m[1;31mDone 903/1000; 0 ok, 903 failed
[0m[1;31mDone 904/1000; 0 ok, 904 failed
[0m[1;31mDone 905/1000; 0 ok, 905 failed
[0m[1;31mDone 906/1000; 0 ok, 906 failed
[0m[1;31mDone 907/1000; 0 ok, 907 failed
[0m[1;31mDone 908/1000; 0 ok, 908 failed
[0m[1;31mDone 909/1000; 0 ok, 909 failed
[0m[1;31mDone 910/1000; 0 ok, 910 failed
[0m[1;31mDone 911/1000; 0 ok, 911 failed
[0m[1;31mDone 912/1000; 0 ok, 912 failed
[0m[1;31mDone 913/1000; 0 ok, 913 failed
[0m[1;31mDone 914/1000; 0 ok, 914 failed
[0m[1;31mDone 915/1000; 0 ok, 915 failed
[0m[1;31mDone 916/1000; 0 ok, 916 failed
[0m[1;31mDone 917/1000; 0 ok, 917 failed
[0m[1;31mDone 918/1000; 0 ok, 918 failed
[0m[1;31mDone 919/1000; 0 ok, 919 failed
[0m[1;31mDone 920/1000; 0 ok, 920 failed
[0m[1;31mDone 921/1000; 0 ok, 921 failed
[0m[1;31mDone 922/1000; 0 ok, 922 failed
[0m[1;31mDone 923/1000; 0 ok, 923 failed
[0m[1;31mDone 924/1000; 0 ok, 924 failed
[0m[1;31mDone 925/1000; 0 ok, 925 failed
[0m[1;31mDone 926/1000; 0 ok, 926 failed
[0m[1;31mDone 927/1000; 0 ok, 927 failed
[0m[1;31mDone 928/1000; 0 ok, 928 failed
[0m[1;31mDone 929/1000; 0 ok, 929 failed
[0m[1;31mDone 930/1000; 0 ok, 930 failed
[0m[1;31mDone 931/1000; 0 ok, 931 failed
[0m[1;31mDone 932/1000; 0 ok, 932 failed
[0m[1;31mDone 933/1000; 0 ok, 933 failed
[0m[1;31mDone 934/1000; 0 ok, 934 failed
[0m[1;31mDone 935/1000; 0 ok, 935 failed
[0m[1;31mDone 936/1000; 0 ok, 936 failed
[0m[1;31mDone 937/1000; 0 ok, 937 failed
[0m[1;31mDone 938/1000; 0 ok, 938 failed
[0m[1;31mDone 939/1000; 0 ok, 939 failed
[0m[1;31mDone 940/1000; 0 ok, 940 failed
[0m[1;31mDone 941/1000; 0 ok, 941 failed
[0m[1;31mDone 942/1000; 0 ok, 942 failed
[0m[1;31mDone 943/1000; 0 ok, 943 failed
[0m[1;31mDone 944/1000; 0 ok, 944 failed
[0m[1;31mDone 945/1000; 0 ok, 945 failed
[0m[1;31mDone 946/1000; 0 ok, 946 failed
[0m[1;31mDone 947/1000; 0 ok, 947 failed
[0m[1;31mDone 948/1000; 0 ok, 948 failed
[0m[1;31mDone 949/1000; 0 ok, 949 failed
[0m[1;31mDone 950/1000; 0 ok, 950 failed
[0m[1;31mDone 951/1000; 0 ok, 951 failed
[0m[1;31mDone 952/1000; 0 ok, 952 failed
[0m[1;31mDone 953/1000; 0 ok, 953 failed
[0m[1;31mDone 954/1000; 0 ok, 954 failed
[0m[1;31mDone 955/1000; 0 ok, 955 failed
[0m[1;31mDone 956/1000; 0 ok, 956 failed
[0m[1;31mDone 957/1000; 0 ok, 957 failed
[0m[1;31mDone 958/1000; 0 ok, 958 failed
[0m[1;31mDone 959/1000; 0 ok, 959 failed
[0m[1;31mDone 960/1000; 0 ok, 960 failed
[0m[1;31mDone 961/1000; 0 ok, 961 failed
[0m[1;31mDone 962/1000; 0 ok, 962 failed
[0m[1;31mDone 963/1000; 0 ok, 963 failed
[0m[1;31mDone 964/1000; 0 ok, 964 failed
[0m[1;31mDone 965/1000; 0 ok, 965 failed
[0m[1;31mDone 966/1000; 0 ok, 966 failed
[0m[1;31mDone 967/1000; 0 ok, 967 failed
[0m[1;31mDone 968/1000; 0 ok, 968 failed
[0m[1;31mDone 969/1000; 0 ok, 969 failed
[0m[1;31mDone 970/1000; 0 ok, 970 failed
[0m[1;31mDone 971/1000; 0 ok, 971 failed
[0m[1;31mDone 972/1000; 0 ok, 972 failed
[0m[1;31mDone 973/1000; 0 ok, 973 failed
[0m[1;31mDone 974/1000; 0 ok, 974 failed
[0m[1;31mDone 975/1000; 0 ok, 975 failed
[0m[1;31mDone 976/1000; 0 ok, 976 failed
[0m[1;31mDone 977/1000; 0 ok, 977 failed
[0m[1;31mDone 978/1000; 0 ok, 978 failed
[0m[1;31mDone 979/1000; 0 ok, 979 failed
[0m[1;31mDone 980/1000; 0 ok, 980 failed
[0m[1;31mDone 981/1000; 0 ok, 981 failed
[0m[1;31mDone 982/1000; 0 ok, 982 failed
[0m[1;31mDone 983/1000; 0 ok, 983 failed
[0m[1;31mDone 984/1000; 0 ok, 984 failed
[0m[1;31mDone 985/1000; 0 ok, 985 failed
[0m[1;31mDone 986/1000; 0 ok, 986 failed
[0m[1;31mDone 987/1000; 0 ok, 987 failed
[0m[1;31mDone 988/1000; 0 ok, 988 failed
[0m[1;31mDone 989/1000; 0 ok, 989 failed
[0m[1;31mDone 990/1000; 0 ok, 990 failed
[0m[1;31mDone 991/1000; 0 ok, 991 failed
[0m[1;31mDone 992/1000; 0 ok, 992 failed
[0m[1;31mDone 993/1000; 0 ok, 993 failed
[0m[1;31mDone 994/1000; 0 ok, 994 failed
[0m[1;31mDone 995/1000; 0 ok, 995 failed
[0m[1;31mDone 996/1000; 0 ok, 996 failed
[0m[1;31mDone 997/1000; 0 ok, 997 failed
[0m[1;31mDone 998/1000; 0 ok, 998 failed
[0m[1;31mDone 999/1000; 0 ok, 999 failed
[0m[1;31mDone 1000/1000; 0 ok, 1000 failed
[0m